<?xml version="1.0" encoding="UTF-8"?>
<!-- Generated by org.testng.reporters.JUnitReportReporter -->
<testsuite skipped="0" hostname="Khushi" name="com.crm.qa.testcases.LoginPageTest" tests="2" failures="0" timestamp="2020-12-15T13:59:21 EST" time="22.370" errors="0">
  <testcase name="loginPageTitleTest" time="10.688" classname="com.crm.qa.testcases.LoginPageTest"/>
  <system-out/>
  <testcase name="LoginTest" time="11.682" classname="com.crm.qa.testcases.LoginPageTest"/>
  <system-out/>
</testsuite> <!-- com.crm.qa.testcases.LoginPageTest -->
